<?xml version='1.0' encoding='utf-8' standalone='yes' ?><testsuite id="com.masa.sampleproject.test.SampleProjectTest" name="com.masa.sampleproject.test.SampleProjectTest" package="com.masa.sampleproject.test" tests="5" errors="0" failures="4" time="0.028" timestamp="2013-05-01T02:02:03" hostname=""><testcase classname="com.masa.sampleproject.test.SampleProjectTest" name="testTest" /><testcase classname="com.masa.sampleproject.test.SampleProjectTest" name="testTest2Error"><failure type="junit.framework.AssertionFailedError" message="junit.framework.AssertionFailedError: expected:&lt;1&gt; but was:&lt;2&gt;">junit.framework.AssertionFailedError: expected:&lt;1&gt; but was:&lt;2&gt;
	at com.masa.sampleproject.test.SampleProjectTest.testTest2Error(SampleProjectTest.java:16)
</failure></testcase><testcase classname="com.masa.sampleproject.test.SampleProjectTest" name="testTest2Error"><failure type="junit.framework.AssertionFailedError" message="junit.framework.AssertionFailedError: expected:&lt;1&gt; but was:&lt;2&gt;">junit.framework.AssertionFailedError: expected:&lt;1&gt; but was:&lt;2&gt;
	at com.masa.sampleproject.test.SampleProjectTest.testTest2Error(SampleProjectTest.java:16)
</failure></testcase><testcase classname="com.masa.sampleproject.test.SampleProjectTest" name="testTestError"><failure type="junit.framework.AssertionFailedError" message="junit.framework.AssertionFailedError: expected:&lt;1&gt; but was:&lt;2&gt;">junit.framework.AssertionFailedError: expected:&lt;1&gt; but was:&lt;2&gt;
	at com.masa.sampleproject.test.SampleProjectTest.testTestError(SampleProjectTest.java:12)
</failure></testcase><testcase classname="com.masa.sampleproject.test.SampleProjectTest" name="testTestError"><failure type="junit.framework.AssertionFailedError" message="junit.framework.AssertionFailedError: expected:&lt;1&gt; but was:&lt;2&gt;">junit.framework.AssertionFailedError: expected:&lt;1&gt; but was:&lt;2&gt;
	at com.masa.sampleproject.test.SampleProjectTest.testTestError(SampleProjectTest.java:12)
</failure></testcase></testsuite>